0 info it worked if it ends with ok
1 verbose cli [ 'node', '/usr/local/bin/npm', 'install', 'angular2' ]
2 info using npm@2.11.3
3 info using node@v0.12.7
4 verbose install initial load of /Users/dmurawsky/Documents/AFF/package.json
5 verbose installManyTop reading scoped package data from /Users/dmurawsky/Documents/AFF/node_modules/express/package.json
6 verbose installManyTop reading scoped package data from /Users/dmurawsky/Documents/AFF/node_modules/falcor-express/package.json
7 verbose installManyTop reading scoped package data from /Users/dmurawsky/Documents/AFF/node_modules/falcor-router/package.json
8 info package.json falcor-express@0.1.2 No license field.
9 info package.json falcor-router@0.2.9 license should be a valid SPDX license expression
10 verbose readDependencies loading dependencies from /Users/dmurawsky/Documents/AFF/package.json
11 silly cache add args [ 'angular2', null ]
12 verbose cache add spec angular2
13 silly cache add parsed spec { raw: 'angular2',
13 silly cache add   scope: null,
13 silly cache add   name: 'angular2',
13 silly cache add   rawSpec: '',
13 silly cache add   spec: '*',
13 silly cache add   type: 'range' }
14 silly addNamed angular2@*
15 verbose addNamed "*" is a valid semver range for angular2
16 silly addNameRange { name: 'angular2', range: '*', hasData: false }
17 silly mapToRegistry name angular2
18 silly mapToRegistry using default registry
19 silly mapToRegistry registry https://registry.npmjs.org/
20 silly mapToRegistry uri https://registry.npmjs.org/angular2
21 verbose addNameRange registry:https://registry.npmjs.org/angular2 not in flight; fetching
22 verbose request uri https://registry.npmjs.org/angular2
23 verbose request no auth needed
24 info attempt registry request try #1 at 12:39:42 PM
25 verbose request id 66aa0b1fa310f1f3
26 verbose etag "CZNM5DB6AKQB62CM9JUE2XGN9"
27 http request GET https://registry.npmjs.org/angular2
28 http 304 https://registry.npmjs.org/angular2
29 silly get cb [ 304,
29 silly get   { date: 'Wed, 09 Sep 2015 16:39:47 GMT',
29 silly get     via: '1.1 varnish',
29 silly get     'cache-control': 'max-age=60',
29 silly get     etag: '"CZNM5DB6AKQB62CM9JUE2XGN9"',
29 silly get     age: '0',
29 silly get     connection: 'keep-alive',
29 silly get     'x-served-by': 'cache-iad2139-IAD',
29 silly get     'x-cache': 'MISS',
29 silly get     'x-cache-hits': '0',
29 silly get     'x-timer': 'S1441816787.337659,VS0,VE346',
29 silly get     vary: 'Accept' } ]
30 verbose etag https://registry.npmjs.org/angular2 from cache
31 verbose get saving angular2 to /Users/dmurawsky/.npm/registry.npmjs.org/angular2/.cache.json
32 silly addNameRange number 2 { name: 'angular2', range: '*', hasData: true }
33 silly addNameRange versions [ 'angular2',
33 silly addNameRange   [ '2.0.0-alpha.8.dev',
33 silly addNameRange     '2.0.0-alpha.8.prod',
33 silly addNameRange     '2.0.0-alpha.11',
33 silly addNameRange     '2.0.0-alpha.12',
33 silly addNameRange     '2.0.0-alpha.13',
33 silly addNameRange     '2.0.0-alpha.14',
33 silly addNameRange     '2.0.0-alpha.15',
33 silly addNameRange     '2.0.0-alpha.16',
33 silly addNameRange     '2.0.0-alpha.17',
33 silly addNameRange     '2.0.0-alpha.18',
33 silly addNameRange     '2.0.0-alpha.19',
33 silly addNameRange     '2.0.0-alpha.20',
33 silly addNameRange     '2.0.0-alpha.21',
33 silly addNameRange     '2.0.0-alpha.22',
33 silly addNameRange     '2.0.0-alpha.23',
33 silly addNameRange     '2.0.0-alpha.24',
33 silly addNameRange     '2.0.0-alpha.25',
33 silly addNameRange     '2.0.0-alpha.26',
33 silly addNameRange     '2.0.0-alpha.27',
33 silly addNameRange     '2.0.0-alpha.28',
33 silly addNameRange     '2.0.0-alpha.29',
33 silly addNameRange     '2.0.0-alpha.30',
33 silly addNameRange     '2.0.0-alpha.31',
33 silly addNameRange     '2.0.0-alpha.32',
33 silly addNameRange     '2.0.0-alpha.33',
33 silly addNameRange     '2.0.0-alpha.34',
33 silly addNameRange     '2.0.0-alpha.35',
33 silly addNameRange     '2.0.0-alpha.36' ] ]
34 verbose stack Error: No compatible version found: angular2@'*'
34 verbose stack Valid install targets:
34 verbose stack ["2.0.0-alpha.8.dev","2.0.0-alpha.8.prod","2.0.0-alpha.11","2.0.0-alpha.12","2.0.0-alpha.13","2.0.0-alpha.14","2.0.0-alpha.15","2.0.0-alpha.16","2.0.0-alpha.17","2.0.0-alpha.18","2.0.0-alpha.19","2.0.0-alpha.20","2.0.0-alpha.21","2.0.0-alpha.22","2.0.0-alpha.23","2.0.0-alpha.24","2.0.0-alpha.25","2.0.0-alpha.26","2.0.0-alpha.27","2.0.0-alpha.28","2.0.0-alpha.29","2.0.0-alpha.30","2.0.0-alpha.31","2.0.0-alpha.32","2.0.0-alpha.33","2.0.0-alpha.34","2.0.0-alpha.35","2.0.0-alpha.36"]
34 verbose stack
34 verbose stack     at installTargetsError (/usr/local/lib/node_modules/npm/lib/cache/add-named.js:274:12)
34 verbose stack     at next (/usr/local/lib/node_modules/npm/lib/cache/add-named.js:253:17)
34 verbose stack     at setData (/usr/local/lib/node_modules/npm/lib/cache/add-named.js:230:5)
34 verbose stack     at RES (/usr/local/lib/node_modules/npm/node_modules/inflight/inflight.js:23:14)
34 verbose stack     at f (/usr/local/lib/node_modules/npm/node_modules/once/once.js:17:25)
34 verbose stack     at fixName (/usr/local/lib/node_modules/npm/lib/cache/add-named.js:29:5)
34 verbose stack     at saved (/usr/local/lib/node_modules/npm/lib/cache/caching-client.js:173:7)
34 verbose stack     at FSReqWrap.oncomplete (fs.js:95:15)
35 verbose cwd /Users/dmurawsky/Documents/AFF
36 error Darwin 14.5.0
37 error argv "node" "/usr/local/bin/npm" "install" "angular2"
38 error node v0.12.7
39 error npm  v2.11.3
40 error code ETARGET
41 error notarget No compatible version found: angular2@'*'
41 error notarget Valid install targets:
41 error notarget ["2.0.0-alpha.8.dev","2.0.0-alpha.8.prod","2.0.0-alpha.11","2.0.0-alpha.12","2.0.0-alpha.13","2.0.0-alpha.14","2.0.0-alpha.15","2.0.0-alpha.16","2.0.0-alpha.17","2.0.0-alpha.18","2.0.0-alpha.19","2.0.0-alpha.20","2.0.0-alpha.21","2.0.0-alpha.22","2.0.0-alpha.23","2.0.0-alpha.24","2.0.0-alpha.25","2.0.0-alpha.26","2.0.0-alpha.27","2.0.0-alpha.28","2.0.0-alpha.29","2.0.0-alpha.30","2.0.0-alpha.31","2.0.0-alpha.32","2.0.0-alpha.33","2.0.0-alpha.34","2.0.0-alpha.35","2.0.0-alpha.36"]
41 error notarget
41 error notarget This is most likely not a problem with npm itself.
41 error notarget In most cases you or one of your dependencies are requesting
41 error notarget a package version that doesn't exist.
41 error notarget
41 error notarget It was specified as a dependency of 'aff'
42 verbose exit [ 1, true ]
